<?xml version="1.0" encoding="UTF-8"?>
<!-- Generated by org.testng.reporters.JUnitXMLReporter -->
<testsuite ignored="0" hostname="Narendras-MacBook-Pro.local" failures="0" tests="4" name="Default test" time="62.413" errors="0" timestamp="12 Jul 2021 11:26:28 GMT">
  <testcase classname="Testpackage.Logintest" name="logincheckwithwrongemail" time="6.206"/>
  <testcase classname="Testpackage.Logintest" name="checkloginwithwrongpassword" time="5.907"/>
  <testcase classname="Testpackage.Logintest" name="Checkloginwithemptyfield" time="5.457"/>
  <testcase classname="Testpackage.Logintest" name="Forgotpasswordcheck" time="10.557"/>
</testsuite> <!-- Default test -->
