<?xml version="1.0" encoding="UTF-8"?>
<testng-results ignored="0" total="4" passed="4" failed="0" skipped="0">
  <reporter-output>
  </reporter-output>
  <suite started-at="2021-07-12T11:25:21Z" name="Default suite" finished-at="2021-07-12T11:26:23Z" duration-ms="62413">
    <groups>
    </groups>
    <test started-at="2021-07-12T11:25:21Z" name="Default test" finished-at="2021-07-12T11:26:23Z" duration-ms="62413">
      <class name="Testpackage.Logintest">
        <test-method is-config="true" signature="setup()[pri:0, instance:Testpackage.Logintest@12aba8be]" started-at="2021-07-12T11:25:21Z" name="setup" finished-at="2021-07-12T11:25:26Z" duration-ms="4952" status="PASS">
          <reporter-output>
          </reporter-output>
        </test-method> <!-- setup -->
        <test-method signature="logincheckwithwrongemail()[pri:1, instance:Testpackage.Logintest@12aba8be]" started-at="2021-07-12T11:25:26Z" name="logincheckwithwrongemail" description="checking with not registered email id" finished-at="2021-07-12T11:25:32Z" duration-ms="6206" status="PASS">
          <reporter-output>
          </reporter-output>
        </test-method> <!-- logincheckwithwrongemail -->
        <test-method is-config="true" signature="quit()[pri:0, instance:Testpackage.Logintest@12aba8be]" started-at="2021-07-12T11:25:32Z" name="quit" finished-at="2021-07-12T11:25:32Z" duration-ms="202" status="PASS">
          <reporter-output>
          </reporter-output>
        </test-method> <!-- quit -->
        <test-method is-config="true" signature="setup()[pri:0, instance:Testpackage.Logintest@12aba8be]" started-at="2021-07-12T11:25:32Z" name="setup" finished-at="2021-07-12T11:25:36Z" duration-ms="3922" status="PASS">
          <reporter-output>
          </reporter-output>
        </test-method> <!-- setup -->
        <test-method signature="checkloginwithwrongpassword()[pri:2, instance:Testpackage.Logintest@12aba8be]" started-at="2021-07-12T11:25:36Z" name="checkloginwithwrongpassword" description="checking with valid email id" finished-at="2021-07-12T11:25:42Z" duration-ms="5907" status="PASS">
          <reporter-output>
          </reporter-output>
        </test-method> <!-- checkloginwithwrongpassword -->
        <test-method is-config="true" signature="quit()[pri:0, instance:Testpackage.Logintest@12aba8be]" started-at="2021-07-12T11:25:42Z" name="quit" finished-at="2021-07-12T11:25:42Z" duration-ms="150" status="PASS">
          <reporter-output>
          </reporter-output>
        </test-method> <!-- quit -->
        <test-method is-config="true" signature="setup()[pri:0, instance:Testpackage.Logintest@12aba8be]" started-at="2021-07-12T11:25:42Z" name="setup" finished-at="2021-07-12T11:25:53Z" duration-ms="11036" status="PASS">
          <reporter-output>
          </reporter-output>
        </test-method> <!-- setup -->
        <test-method signature="Checkloginwithemptyfield()[pri:3, instance:Testpackage.Logintest@12aba8be]" started-at="2021-07-12T11:25:53Z" name="Checkloginwithemptyfield" description="No entry in field and clicking on login button" finished-at="2021-07-12T11:25:58Z" duration-ms="5457" status="PASS">
          <reporter-output>
          </reporter-output>
        </test-method> <!-- Checkloginwithemptyfield -->
        <test-method is-config="true" signature="quit()[pri:0, instance:Testpackage.Logintest@12aba8be]" started-at="2021-07-12T11:25:58Z" name="quit" finished-at="2021-07-12T11:25:59Z" duration-ms="298" status="PASS">
          <reporter-output>
          </reporter-output>
        </test-method> <!-- quit -->
        <test-method is-config="true" signature="setup()[pri:0, instance:Testpackage.Logintest@12aba8be]" started-at="2021-07-12T11:25:59Z" name="setup" finished-at="2021-07-12T11:26:12Z" duration-ms="13446" status="PASS">
          <reporter-output>
          </reporter-output>
        </test-method> <!-- setup -->
        <test-method signature="Forgotpasswordcheck()[pri:4, instance:Testpackage.Logintest@12aba8be]" started-at="2021-07-12T11:26:12Z" name="Forgotpasswordcheck" description="Forgot password check" finished-at="2021-07-12T11:26:23Z" duration-ms="10557" status="PASS">
          <reporter-output>
          </reporter-output>
        </test-method> <!-- Forgotpasswordcheck -->
        <test-method is-config="true" signature="quit()[pri:0, instance:Testpackage.Logintest@12aba8be]" started-at="2021-07-12T11:26:23Z" name="quit" finished-at="2021-07-12T11:26:23Z" duration-ms="196" status="PASS">
          <reporter-output>
          </reporter-output>
        </test-method> <!-- quit -->
      </class> <!-- Testpackage.Logintest -->
    </test> <!-- Default test -->
  </suite> <!-- Default suite -->
</testng-results>
